┌ Warning: The active manifest file is an older format with no julia version entry. Dependencies may have been resolved with a different julia version.
└ @ ~/Projects/sandbox/NonlinearEigenproblems.jl/Manifest.toml:0
     Testing NonlinearEigenproblems
      Status `/private/var/folders/h1/1jymh8g151j05hxxjr4bl3fw0000gn/T/jl_ufVDK6/Project.toml`
⌅ [ec485272] ArnoldiMethod v0.2.0
  [6e4b80f9] BenchmarkTools v1.8.0
  [7a1cc6ca] FFTW v1.10.0
⌃ [42fd0dbc] IterativeSolvers v0.9.2
⌃ [7a12625a] LinearMaps v3.10.2
  [067cfa3b] NonlinearEigenproblems v1.1.1 `~/Projects/sandbox/NonlinearEigenproblems.jl`
⌃ [276daf66] SpecialFunctions v2.3.0
  [de0858da] Printf
  [8dfed614] Test
      Status `/private/var/folders/h1/1jymh8g151j05hxxjr4bl3fw0000gn/T/jl_ufVDK6/Manifest.toml`
  [621f4979] AbstractFFTs v1.5.0
⌅ [ec485272] ArnoldiMethod v0.2.0
  [6e4b80f9] BenchmarkTools v1.8.0
  [34da2185] Compat v4.18.1
⌃ [ffbed154] DocStringExtensions v0.9.3
  [7a1cc6ca] FFTW v1.10.0
⌃ [92d709cd] IrrationalConstants v0.2.2
⌃ [42fd0dbc] IterativeSolvers v0.9.2
⌃ [692b3bcd] JLLWrappers v1.4.1
  [682c06a0] JSON v1.6.1
⌃ [7a12625a] LinearMaps v3.10.2
⌅ [2ab3a3ac] LogExpFunctions v0.3.24
  [067cfa3b] NonlinearEigenproblems v1.1.1 `~/Projects/sandbox/NonlinearEigenproblems.jl`
  [69de0a69] Parsers v2.8.5
⌅ [aea7be01] PrecompileTools v1.1.2
⌃ [21216c6a] Preferences v1.4.0
  [3cdcf5f2] RecipesBase v1.3.4
  [189a3867] Reexport v1.2.2
⌃ [276daf66] SpecialFunctions v2.3.0
⌃ [90137ffa] StaticArrays v1.5.26
⌃ [1e83bf80] StaticArraysCore v1.4.0
  [ec057cc2] StructUtils v2.8.2
⌃ [f5851436] FFTW_jll v3.3.10+3
⌅ [1d5cc7b8] IntelOpenMP_jll v2024.2.1+0
⌃ [856f044c] MKL_jll v2024.2.0+0
⌃ [efe28fd5] OpenSpecFun_jll v0.5.5+0
⌃ [1317d2d5] oneTBB_jll v2021.12.0+0
  [0dad84c5] ArgTools v1.1.1
  [56f22d72] Artifacts
  [2a0f44e3] Base64
  [ade2ca70] Dates
  [8ba89e20] Distributed
  [f43a241f] Downloads v1.6.0
  [7b1f6079] FileWatching
  [b77e0a4c] InteractiveUtils
  [4af54fe1] LazyArtifacts
  [b27032c2] LibCURL v0.6.4
  [76f85450] LibGit2
  [8f399da3] Libdl
  [37e2e46d] LinearAlgebra
  [56ddb016] Logging
  [d6f4376e] Markdown
  [ca575930] NetworkOptions v1.2.0
  [44cfe95a] Pkg v1.10.0
  [de0858da] Printf
  [9abbd945] Profile
  [3fa0cd96] REPL
  [9a3f8284] Random
  [ea8e919c] SHA v0.7.0
  [9e88b42a] Serialization
  [6462fe0b] Sockets
  [2f01184e] SparseArrays v1.10.0
  [10745b16] Statistics v1.10.0
  [4607b0f0] SuiteSparse
  [fa267f1f] TOML v1.0.3
  [a4e569a6] Tar v1.10.0
  [8dfed614] Test
  [cf7118a7] UUIDs
  [4ec0a83e] Unicode
  [e66e0078] CompilerSupportLibraries_jll v1.1.1+0
  [deac9b47] LibCURL_jll v8.4.0+0
  [e37daf67] LibGit2_jll v1.6.4+0
  [29816b5a] LibSSH2_jll v1.11.0+1
  [c8ffd9c3] MbedTLS_jll v2.28.1010+0
  [14a3606d] MozillaCACerts_jll v2025.12.2
  [4536629a] OpenBLAS_jll v0.3.23+5
  [05823500] OpenLibm_jll v0.8.5+0
  [bea87d4a] SuiteSparse_jll v7.2.1+1
  [83775a58] Zlib_jll v1.2.13+1
  [8e850b90] libblastrampoline_jll v5.11.0+0
  [8e850ede] nghttp2_jll v1.52.0+1
  [3f19e933] p7zip_jll v17.6.1+0
        Info Packages marked with ⌃ and ⌅ have new versions available. Those with ⌃ may be upgradable, but those with ⌅ are restricted by compatibility constraints from upgrading.
     Testing Running tests...
  Activating project at `~/Projects/sandbox/NonlinearEigenproblems.jl/test`
┌ Warning: The active manifest file is an older format with no julia version entry. Dependencies may have been resolved with a different julia version.
└ @ ~/Projects/sandbox/NonlinearEigenproblems.jl/test/Manifest.toml:0
Precompiling packages...
    396.8 ms  ✓ AbstractFFTs
   3536.7 ms  ✓ FFTW
  2 dependencies successfully precompiled in 4 seconds. 31 already precompiled.
Running test cd_player_native (1 / 1)
cd player native: Error During Test at /Users/ningyuanxu/Projects/sandbox/NonlinearEigenproblems.jl/test/cd_player_native.jl:6
  Got exception outside of a @test
  SingularException(48)
  Stacktrace:
    [1] checknonsingular
      @ ~/.julia/juliaup/julia-1.10.11+0.aarch64.apple.darwin14/Julia-1.10.app/Contents/Resources/julia/share/julia/stdlib/v1.10/LinearAlgebra/src/factorization.jl:68 [inlined]
    [2] checknonsingular
      @ ~/.julia/juliaup/julia-1.10.11+0.aarch64.apple.darwin14/Julia-1.10.app/Contents/Resources/julia/share/julia/stdlib/v1.10/LinearAlgebra/src/factorization.jl:71 [inlined]
    [3] #lu!#158
      @ ~/.julia/juliaup/julia-1.10.11+0.aarch64.apple.darwin14/Julia-1.10.app/Contents/Resources/julia/share/julia/stdlib/v1.10/LinearAlgebra/src/lu.jl:83 [inlined]
    [4] lu!
      @ ~/.julia/juliaup/julia-1.10.11+0.aarch64.apple.darwin14/Julia-1.10.app/Contents/Resources/julia/share/julia/stdlib/v1.10/LinearAlgebra/src/lu.jl:81 [inlined]
    [5] #lu#164
      @ ~/.julia/juliaup/julia-1.10.11+0.aarch64.apple.darwin14/Julia-1.10.app/Contents/Resources/julia/share/julia/stdlib/v1.10/LinearAlgebra/src/lu.jl:305 [inlined]
    [6] lu (repeats 2 times)
      @ ~/.julia/juliaup/julia-1.10.11+0.aarch64.apple.darwin14/Julia-1.10.app/Contents/Resources/julia/share/julia/stdlib/v1.10/LinearAlgebra/src/lu.jl:304 [inlined]
    [7] factorize(A::Matrix{ComplexF64})
      @ LinearAlgebra ~/.julia/juliaup/julia-1.10.11+0.aarch64.apple.darwin14/Julia-1.10.app/Contents/Resources/julia/share/julia/stdlib/v1.10/LinearAlgebra/src/dense.jl:1414
    [8] FactorizeLinSolver(nep::PEP, λ::ComplexF64, umfpack_refinements::Int64)
      @ NonlinearEigenproblems.LinSolvers ~/Projects/sandbox/NonlinearEigenproblems.jl/src/LinSolvers.jl:116
    [9] create_linsolver(creator::FactorizeLinSolverCreator{Number, Any}, nep::PEP, λ::ComplexF64)
      @ NonlinearEigenproblems.LinSolvers ~/Projects/sandbox/NonlinearEigenproblems.jl/src/LinSolverCreators.jl:113
   [10] quasinewton(::Type{ComplexF64}, nep::PEP; errmeasure::DefaultErrmeasure{StandardSPMFErrmeasure{Float64}}, tol::Float64, maxit::Int64, λ::ComplexF64, v::Vector{ComplexF64}, ws::Vector{ComplexF64}, logger::Int64, linsolvercreator::FactorizeLinSolverCreator{Number, Any}, armijo_factor::Float64, armijo_max::Int64)
      @ NonlinearEigenproblems.NEPSolver ~/Projects/sandbox/NonlinearEigenproblems.jl/src/method_newton.jl:403
   [11] #quasinewton#28
      @ ~/Projects/sandbox/NonlinearEigenproblems.jl/src/method_newton.jl:373 [inlined]
   [12] macro expansion
      @ ~/Projects/sandbox/NonlinearEigenproblems.jl/test/cd_player_native.jl:12 [inlined]
   [13] macro expansion
      @ ~/.julia/juliaup/julia-1.10.11+0.aarch64.apple.darwin14/Julia-1.10.app/Contents/Resources/julia/share/julia/stdlib/v1.10/Test/src/Test.jl:1582 [inlined]
   [14] top-level scope
      @ ~/Projects/sandbox/NonlinearEigenproblems.jl/test/cd_player_native.jl:7
   [15] include
      @ ./client.jl:487 [inlined]
   [16] macro expansion
      @ ./timing.jl:279 [inlined]
   [17] macro expansion
      @ ~/Projects/sandbox/NonlinearEigenproblems.jl/test/run_all_tests.jl:29 [inlined]
   [18] macro expansion
      @ ~/.julia/juliaup/julia-1.10.11+0.aarch64.apple.darwin14/Julia-1.10.app/Contents/Resources/julia/share/julia/stdlib/v1.10/Test/src/Test.jl:1582 [inlined]
   [19] run_all_tests(test_name_regex::String)
      @ Main ~/Projects/sandbox/NonlinearEigenproblems.jl/test/run_all_tests.jl:20
   [20] top-level scope
      @ ~/Projects/sandbox/NonlinearEigenproblems.jl/test/runtests.jl:95
   [21] include(fname::String)
      @ Base.MainInclude ./client.jl:487
   [22] top-level scope
      @ none:6
  2.323355 seconds (12.68 M allocations: 854.318 MiB, 5.37% gc time, 97.33% compilation time)
Test Summary:      | Error  Total  Time
All tests          |     1      1  2.4s
  cd player native |     1      1  2.3s
ERROR: LoadError: Some tests did not pass: 0 passed, 0 failed, 1 errored, 0 broken.
in expression starting at /Users/ningyuanxu/Projects/sandbox/NonlinearEigenproblems.jl/test/runtests.jl:95
ERROR: Package NonlinearEigenproblems errored during testing
Stacktrace:
 [1] pkgerror(msg::String)
   @ Pkg.Types ~/.julia/juliaup/julia-1.10.11+0.aarch64.apple.darwin14/Julia-1.10.app/Contents/Resources/julia/share/julia/stdlib/v1.10/Pkg/src/Types.jl:70
 [2] test(ctx::Pkg.Types.Context, pkgs::Vector{Pkg.Types.PackageSpec}; coverage::Bool, julia_args::Cmd, test_args::Cmd, test_fn::Nothing, force_latest_compatible_version::Bool, allow_earlier_backwards_compatible_versions::Bool, allow_reresolve::Bool)
   @ Pkg.Operations ~/.julia/juliaup/julia-1.10.11+0.aarch64.apple.darwin14/Julia-1.10.app/Contents/Resources/julia/share/julia/stdlib/v1.10/Pkg/src/Operations.jl:2051
 [3] test
   @ ~/.julia/juliaup/julia-1.10.11+0.aarch64.apple.darwin14/Julia-1.10.app/Contents/Resources/julia/share/julia/stdlib/v1.10/Pkg/src/Operations.jl:1932 [inlined]
 [4] test(ctx::Pkg.Types.Context, pkgs::Vector{Pkg.Types.PackageSpec}; coverage::Bool, test_fn::Nothing, julia_args::Cmd, test_args::Vector{String}, force_latest_compatible_version::Bool, allow_earlier_backwards_compatible_versions::Bool, allow_reresolve::Bool, kwargs::@Kwargs{io::Base.PipeEndpoint})
   @ Pkg.API ~/.julia/juliaup/julia-1.10.11+0.aarch64.apple.darwin14/Julia-1.10.app/Contents/Resources/julia/share/julia/stdlib/v1.10/Pkg/src/API.jl:444
 [5] test(pkgs::Vector{Pkg.Types.PackageSpec}; io::Base.PipeEndpoint, kwargs::@Kwargs{test_args::Vector{String}})
   @ Pkg.API ~/.julia/juliaup/julia-1.10.11+0.aarch64.apple.darwin14/Julia-1.10.app/Contents/Resources/julia/share/julia/stdlib/v1.10/Pkg/src/API.jl:159
 [6] test(; name::Nothing, uuid::Nothing, version::Nothing, url::Nothing, rev::Nothing, path::Nothing, mode::Pkg.Types.PackageMode, subdir::Nothing, kwargs::@Kwargs{test_args::Vector{String}})
   @ Pkg.API ~/.julia/juliaup/julia-1.10.11+0.aarch64.apple.darwin14/Julia-1.10.app/Contents/Resources/julia/share/julia/stdlib/v1.10/Pkg/src/API.jl:174
 [7] top-level scope
   @ none:1
