┌ Warning: The active manifest file is an older format with no julia version entry. Dependencies may have been resolved with a different julia version.
└ @ ~/Projects/sandbox/NonlinearEigenproblems.jl/Manifest.toml:0
     Testing NonlinearEigenproblems
      Status `/private/var/folders/h1/1jymh8g151j05hxxjr4bl3fw0000gn/T/jl_Jybvks/Project.toml`
⌅ [ec485272] ArnoldiMethod v0.2.0
  [6e4b80f9] BenchmarkTools v1.8.0
  [7a1cc6ca] FFTW v1.10.0
⌃ [42fd0dbc] IterativeSolvers v0.9.2
⌃ [7a12625a] LinearMaps v3.10.2
  [067cfa3b] NonlinearEigenproblems v1.1.1 `~/Projects/sandbox/NonlinearEigenproblems.jl`
⌃ [276daf66] SpecialFunctions v2.3.0
  [de0858da] Printf
  [8dfed614] Test
      Status `/private/var/folders/h1/1jymh8g151j05hxxjr4bl3fw0000gn/T/jl_Jybvks/Manifest.toml`
  [621f4979] AbstractFFTs v1.5.0
⌅ [ec485272] ArnoldiMethod v0.2.0
  [6e4b80f9] BenchmarkTools v1.8.0
  [34da2185] Compat v4.18.1
⌃ [ffbed154] DocStringExtensions v0.9.3
  [7a1cc6ca] FFTW v1.10.0
⌃ [92d709cd] IrrationalConstants v0.2.2
⌃ [42fd0dbc] IterativeSolvers v0.9.2
⌃ [692b3bcd] JLLWrappers v1.4.1
  [682c06a0] JSON v1.6.1
⌃ [7a12625a] LinearMaps v3.10.2
⌅ [2ab3a3ac] LogExpFunctions v0.3.24
  [067cfa3b] NonlinearEigenproblems v1.1.1 `~/Projects/sandbox/NonlinearEigenproblems.jl`
  [69de0a69] Parsers v2.8.5
⌅ [aea7be01] PrecompileTools v1.1.2
⌃ [21216c6a] Preferences v1.4.0
  [3cdcf5f2] RecipesBase v1.3.4
  [189a3867] Reexport v1.2.2
⌃ [276daf66] SpecialFunctions v2.3.0
⌃ [90137ffa] StaticArrays v1.5.26
⌃ [1e83bf80] StaticArraysCore v1.4.0
  [ec057cc2] StructUtils v2.8.2
⌃ [f5851436] FFTW_jll v3.3.10+3
⌅ [1d5cc7b8] IntelOpenMP_jll v2024.2.1+0
⌃ [856f044c] MKL_jll v2024.2.0+0
⌃ [efe28fd5] OpenSpecFun_jll v0.5.5+0
⌃ [1317d2d5] oneTBB_jll v2021.12.0+0
  [0dad84c5] ArgTools v1.1.1
  [56f22d72] Artifacts
  [2a0f44e3] Base64
  [ade2ca70] Dates
  [8ba89e20] Distributed
  [f43a241f] Downloads v1.6.0
  [7b1f6079] FileWatching
  [b77e0a4c] InteractiveUtils
  [4af54fe1] LazyArtifacts
  [b27032c2] LibCURL v0.6.4
  [76f85450] LibGit2
  [8f399da3] Libdl
  [37e2e46d] LinearAlgebra
  [56ddb016] Logging
  [d6f4376e] Markdown
  [ca575930] NetworkOptions v1.2.0
  [44cfe95a] Pkg v1.10.0
  [de0858da] Printf
  [9abbd945] Profile
  [3fa0cd96] REPL
  [9a3f8284] Random
  [ea8e919c] SHA v0.7.0
  [9e88b42a] Serialization
  [6462fe0b] Sockets
  [2f01184e] SparseArrays v1.10.0
  [10745b16] Statistics v1.10.0
  [4607b0f0] SuiteSparse
  [fa267f1f] TOML v1.0.3
  [a4e569a6] Tar v1.10.0
  [8dfed614] Test
  [cf7118a7] UUIDs
  [4ec0a83e] Unicode
  [e66e0078] CompilerSupportLibraries_jll v1.1.1+0
  [deac9b47] LibCURL_jll v8.4.0+0
  [e37daf67] LibGit2_jll v1.6.4+0
  [29816b5a] LibSSH2_jll v1.11.0+1
  [c8ffd9c3] MbedTLS_jll v2.28.1010+0
  [14a3606d] MozillaCACerts_jll v2025.12.2
  [4536629a] OpenBLAS_jll v0.3.23+5
  [05823500] OpenLibm_jll v0.8.5+0
  [bea87d4a] SuiteSparse_jll v7.2.1+1
  [83775a58] Zlib_jll v1.2.13+1
  [8e850b90] libblastrampoline_jll v5.11.0+0
  [8e850ede] nghttp2_jll v1.52.0+1
  [3f19e933] p7zip_jll v17.6.1+0
        Info Packages marked with ⌃ and ⌅ have new versions available. Those with ⌃ may be upgradable, but those with ⌅ are restricted by compatibility constraints from upgrading.
     Testing Running tests...
  Activating project at `~/Projects/sandbox/NonlinearEigenproblems.jl/test`
┌ Warning: The active manifest file is an older format with no julia version entry. Dependencies may have been resolved with a different julia version.
└ @ ~/Projects/sandbox/NonlinearEigenproblems.jl/test/Manifest.toml:0
Running test jd (1 / 1)
[ Info: Test: Betcke-Voss
[ Info: Testing a PEP
[ Info:  Smallest eigenvalue found: ComplexF64[-0.06028293401000023 - 0.16939609952302104im, -0.1877460908857911 - 2.4527575984908003e-13im]
[ Info: Found 2 lambdas:
[ Info: λ[1] = -0.06028293401000023 - 0.16939609952302104im (norm = 2.123e-14)
[ Info: λ[2] = -0.1877460908857911 - 2.4527575984908003e-13im (norm = 5.772e-12)
[ Info: Testing SG as inner solver
[ Info: Found 1 lambdas:
[ Info: λ[1] = -0.00372344228156985 (norm = 1.095e-14)
[ Info: Testing IAR Cheb as projected solver
[ Info: Found 1 lambdas:
[ Info: λ[1] = 0.09399211173352248 - 2.926476588904968e-11im (norm = 8.83e-11)
[ Info: Testing convergence before starting
[ Info: Found 1 lambdas:
[ Info: λ[1] = 0.09399211173352248 - 2.926476588904968e-11im (norm = 8.83e-11)
[ Info: Testing errors thrown
[ Info: Test: Effenberger
Effenberger: Error During Test at /Users/ningyuanxu/Projects/sandbox/NonlinearEigenproblems.jl/test/jd.jl:61
  Got exception outside of a @test
  No convergence: 'Number of iterations exceeded. maxit=80 and only 4 eigenvalues converged out of 5.' eigenvalue approx:ComplexF64[-0.6026758589727321 - 0.7401045789099332im, -0.2087169348742876 + 0.03090527799696073im, -0.04792986065127926 + 0.08004331930831657im, 0.046397880953680304 + 1.6361915962935946e-15im, -0.19084357063689658 - 0.4869069738230771im], errmeasure:0.044286261130218746
  Stacktrace:
    [1] jd_effenberger_inner!(::Type{ComplexF64}, V_memory::SubArray{ComplexF64, 2, Matrix{ComplexF64}, Tuple{UnitRange{Int64}, UnitRange{Int64}}, false}, W_memory::SubArray{ComplexF64, 2, Matrix{ComplexF64}, Tuple{UnitRange{Int64}, UnitRange{Int64}}, false}, target_nep::DeflatedSPMF{AbstractMatrix, SPMF_NEP{Matrix{Float64}, ComplexF64}, LowRankFactorizedNEP{Matrix{ComplexF64}}}, X::Matrix{ComplexF64}, Λ::Matrix{ComplexF64}, orgnep::PEP, maxit::Int64, nrof_its::Int64, conveig::Int64, inner_solver_method::DefaultInnerSolver, orthmethod::IterativeSolvers.DGKS, linsolvercreator::DeflatedNEPLinSolverCreator{FactorizeLinSolverCreator{Number, Any}}, tol::Float64, target::ComplexF64, logger::PrintLogger, neigs::Int64, u::Vector{ComplexF64}, λ::ComplexF64, inner_logger::PrintLogger)
      @ NonlinearEigenproblems.NEPSolver ~/Projects/sandbox/NonlinearEigenproblems.jl/src/method_jd.jl:436
    [2] dispatch_inner!(::Type{ComplexF64}, ::SubArray{ComplexF64, 2, Matrix{ComplexF64}, Tuple{UnitRange{Int64}, UnitRange{Int64}}, false}, ::SubArray{ComplexF64, 2, Matrix{ComplexF64}, Tuple{UnitRange{Int64}, UnitRange{Int64}}, false}, ::DeflatedSPMF{AbstractMatrix, SPMF_NEP{Matrix{Float64}, ComplexF64}, LowRankFactorizedNEP{Matrix{ComplexF64}}}, ::Int64, ::Vararg{Any})
      @ NonlinearEigenproblems.NEPSolver ~/Projects/sandbox/NonlinearEigenproblems.jl/src/method_jd.jl:305
    [3] jd_effenberger(::Type{ComplexF64}, nep::PEP; maxit::Int64, neigs::Int64, inner_solver_method::DefaultInnerSolver, orthmethod::IterativeSolvers.DGKS, linsolvercreator::FactorizeLinSolverCreator{Number, Any}, tol::Float64, λ::ComplexF64, v::Vector{ComplexF64}, target::ComplexF64, deflation_mode::Symbol, logger::Int64, inner_logger::Int64)
      @ NonlinearEigenproblems.NEPSolver ~/Projects/sandbox/NonlinearEigenproblems.jl/src/method_jd.jl:286
    [4] #jd_effenberger#70
      @ ~/Projects/sandbox/NonlinearEigenproblems.jl/src/method_jd.jl:215 [inlined]
    [5] macro expansion
      @ ~/Projects/sandbox/NonlinearEigenproblems.jl/test/jd.jl:67 [inlined]
    [6] macro expansion
      @ ~/.julia/juliaup/julia-1.10.11+0.aarch64.apple.darwin14/Julia-1.10.app/Contents/Resources/julia/share/julia/stdlib/v1.10/Test/src/Test.jl:1582 [inlined]
    [7] macro expansion
      @ ~/Projects/sandbox/NonlinearEigenproblems.jl/test/jd.jl:62 [inlined]
    [8] macro expansion
      @ ~/.julia/juliaup/julia-1.10.11+0.aarch64.apple.darwin14/Julia-1.10.app/Contents/Resources/julia/share/julia/stdlib/v1.10/Test/src/Test.jl:1582 [inlined]
    [9] top-level scope
      @ ~/Projects/sandbox/NonlinearEigenproblems.jl/test/jd.jl:7
   [10] include
      @ ./client.jl:487 [inlined]
   [11] macro expansion
      @ ./timing.jl:279 [inlined]
   [12] macro expansion
      @ ~/Projects/sandbox/NonlinearEigenproblems.jl/test/run_all_tests.jl:29 [inlined]
   [13] macro expansion
      @ ~/.julia/juliaup/julia-1.10.11+0.aarch64.apple.darwin14/Julia-1.10.app/Contents/Resources/julia/share/julia/stdlib/v1.10/Test/src/Test.jl:1582 [inlined]
   [14] run_all_tests(test_name_regex::String)
      @ Main ~/Projects/sandbox/NonlinearEigenproblems.jl/test/run_all_tests.jl:20
   [15] top-level scope
      @ ~/Projects/sandbox/NonlinearEigenproblems.jl/test/runtests.jl:95
   [16] include(fname::String)
      @ Base.MainInclude ./client.jl:487
   [17] top-level scope
      @ none:6
 15.689943 seconds (80.23 M allocations: 6.044 GiB, 5.00% gc time, 96.60% compilation time: <1% of which was recompilation)
Test Summary:     | Pass  Error  Total   Time
All tests         |   14      1     15  15.8s
  Jacobi–Davidson |   14      1     15  15.7s
    Betcke-Voss   |   13            13  12.1s
    Effenberger   |           1      1   3.5s
ERROR: LoadError: Some tests did not pass: 14 passed, 0 failed, 1 errored, 0 broken.
in expression starting at /Users/ningyuanxu/Projects/sandbox/NonlinearEigenproblems.jl/test/runtests.jl:95
ERROR: Package NonlinearEigenproblems errored during testing
Stacktrace:
 [1] pkgerror(msg::String)
   @ Pkg.Types ~/.julia/juliaup/julia-1.10.11+0.aarch64.apple.darwin14/Julia-1.10.app/Contents/Resources/julia/share/julia/stdlib/v1.10/Pkg/src/Types.jl:70
 [2] test(ctx::Pkg.Types.Context, pkgs::Vector{Pkg.Types.PackageSpec}; coverage::Bool, julia_args::Cmd, test_args::Cmd, test_fn::Nothing, force_latest_compatible_version::Bool, allow_earlier_backwards_compatible_versions::Bool, allow_reresolve::Bool)
   @ Pkg.Operations ~/.julia/juliaup/julia-1.10.11+0.aarch64.apple.darwin14/Julia-1.10.app/Contents/Resources/julia/share/julia/stdlib/v1.10/Pkg/src/Operations.jl:2051
 [3] test
   @ ~/.julia/juliaup/julia-1.10.11+0.aarch64.apple.darwin14/Julia-1.10.app/Contents/Resources/julia/share/julia/stdlib/v1.10/Pkg/src/Operations.jl:1932 [inlined]
 [4] test(ctx::Pkg.Types.Context, pkgs::Vector{Pkg.Types.PackageSpec}; coverage::Bool, test_fn::Nothing, julia_args::Cmd, test_args::Vector{String}, force_latest_compatible_version::Bool, allow_earlier_backwards_compatible_versions::Bool, allow_reresolve::Bool, kwargs::@Kwargs{io::Base.PipeEndpoint})
   @ Pkg.API ~/.julia/juliaup/julia-1.10.11+0.aarch64.apple.darwin14/Julia-1.10.app/Contents/Resources/julia/share/julia/stdlib/v1.10/Pkg/src/API.jl:444
 [5] test(pkgs::Vector{Pkg.Types.PackageSpec}; io::Base.PipeEndpoint, kwargs::@Kwargs{test_args::Vector{String}})
   @ Pkg.API ~/.julia/juliaup/julia-1.10.11+0.aarch64.apple.darwin14/Julia-1.10.app/Contents/Resources/julia/share/julia/stdlib/v1.10/Pkg/src/API.jl:159
 [6] test(; name::Nothing, uuid::Nothing, version::Nothing, url::Nothing, rev::Nothing, path::Nothing, mode::Pkg.Types.PackageMode, subdir::Nothing, kwargs::@Kwargs{test_args::Vector{String}})
   @ Pkg.API ~/.julia/juliaup/julia-1.10.11+0.aarch64.apple.darwin14/Julia-1.10.app/Contents/Resources/julia/share/julia/stdlib/v1.10/Pkg/src/API.jl:174
 [7] top-level scope
   @ none:1
